[2020-05-07T10:29:07.599] [INFO] default - 请求url /list
[2020-05-07T10:29:14.427] [INFO] default - 请求url /create
[2020-05-07T10:29:16.194] [INFO] default - 请求url /list
[2020-05-07T10:36:03.199] [INFO] default - 请求url /list
[2020-05-07T10:36:07.891] [INFO] default - 请求url /list
[2020-05-07T10:37:40.373] [INFO] default - 请求url /list
[2020-05-07T10:37:40.705] [INFO] default - 请求url /index.js
[2020-05-07T10:37:40.710] [DEBUG] default - 404
[2020-05-07T10:37:42.223] [INFO] default - 请求url /list
[2020-05-07T10:37:42.571] [INFO] default - 请求url /index.js
[2020-05-07T10:37:42.582] [DEBUG] default - 404
[2020-05-07T10:40:11.973] [INFO] default - 请求url /list
[2020-05-07T10:40:12.318] [INFO] default - 请求url /static/index.js
[2020-05-07T10:40:12.327] [DEBUG] default - 404
[2020-05-07T10:40:15.647] [INFO] default - 请求url /list
[2020-05-07T10:40:15.968] [INFO] default - 请求url /static/index.js
[2020-05-07T10:40:15.982] [DEBUG] default - 404
[2020-05-07T10:40:30.170] [INFO] default - 请求url /list
[2020-05-07T10:40:42.587] [INFO] default - 请求url /list
[2020-05-07T10:40:46.107] [INFO] default - 请求url /list
[2020-05-07T10:40:51.217] [INFO] default - 请求url /list
[2020-05-07T10:41:13.712] [INFO] default - 请求url /list
[2020-05-07T10:41:15.013] [INFO] default - 请求url /favicon.ico
[2020-05-07T10:41:15.039] [DEBUG] default - 404
[2020-05-07T10:41:59.118] [INFO] default - 请求url /list
[2020-05-07T10:42:02.103] [INFO] default - 请求url /favicon.ico
[2020-05-07T10:42:02.163] [DEBUG] default - 404
[2020-05-07T10:42:31.264] [INFO] default - 请求url /list
[2020-05-07T10:42:31.430] [INFO] default - 请求url /favicon.ico
[2020-05-07T10:42:31.458] [DEBUG] default - 404
[2020-05-07T10:42:32.430] [INFO] default - 请求url /list
[2020-05-07T10:42:38.074] [INFO] default - 请求url /list
[2020-05-07T10:43:22.606] [INFO] default - 请求url /list
[2020-05-07T10:43:23.535] [INFO] default - 请求url /list
[2020-05-07T10:43:35.864] [INFO] default - 请求url /list
[2020-05-07T10:43:41.575] [INFO] default - 请求url /list
[2020-05-07T10:44:09.336] [INFO] default - 请求url /list
[2020-05-07T10:44:12.341] [INFO] default - 请求url /list
[2020-05-07T10:47:52.932] [INFO] default - 请求url /list
[2020-05-07T10:47:57.448] [INFO] default - 请求url /list
[2020-05-07T10:48:02.400] [INFO] default - 请求url /list
[2020-05-07T10:48:05.755] [INFO] default - 请求url /list
[2020-05-07T10:49:56.715] [INFO] default - 请求url /list
[2020-05-07T10:57:24.041] [INFO] default - 请求url /list
[2020-05-07T10:57:25.533] [INFO] default - 请求url /list
[2020-05-07T10:57:26.311] [INFO] default - 请求url /list
[2020-05-07T10:57:33.284] [INFO] default - 请求url /list
[2020-05-07T10:57:35.510] [INFO] default - 请求url /favicon.ico
[2020-05-07T10:57:35.513] [DEBUG] default - 404
[2020-05-07T10:57:52.177] [INFO] default - 请求url /list
[2020-05-07T10:57:52.711] [INFO] default - 请求url /favicon.ico
[2020-05-07T10:57:52.812] [DEBUG] default - 404
[2020-05-07T10:58:34.634] [INFO] default - 请求url /list
[2020-05-07T10:58:38.574] [INFO] default - 请求url /list
[2020-05-07T10:58:45.840] [INFO] default - 请求url /list
[2020-05-07T10:59:05.961] [INFO] default - 请求url /list
[2020-05-07T10:59:09.860] [INFO] default - 请求url /list
[2020-05-07T11:22:12.708] [INFO] default - 请求url /list
[2020-05-07T11:22:23.945] [INFO] default - 请求url /list
[2020-05-07T11:22:40.553] [INFO] default - 请求url /list
[2020-05-07T11:23:13.847] [INFO] default - 请求url /list
[2020-05-07T11:24:25.080] [INFO] default - 请求url /list
[2020-05-07T11:24:41.319] [INFO] default - 请求url /list
[2020-05-07T11:24:42.832] [INFO] default - 请求url /list
[2020-05-07T11:26:47.432] [INFO] default - 请求url /list
[2020-05-07T14:03:14.755] [INFO] default - 请求url /list
[2020-05-07T14:03:21.159] [INFO] default - 请求url /list
[2020-05-07T14:06:12.066] [INFO] default - 请求url /list
[2020-05-07T14:09:27.983] [INFO] default - 请求url /list
[2020-05-07T14:10:01.598] [INFO] default - 请求url /list
[2020-05-07T14:10:34.781] [INFO] default - 请求url /list
[2020-05-07T14:11:27.826] [INFO] default - 请求url /list
[2020-05-07T14:11:33.857] [INFO] default - 请求url /list
[2020-05-07T14:12:14.401] [INFO] default - 请求url /list
[2020-05-07T14:12:51.525] [INFO] default - 请求url /list
[2020-05-07T14:12:59.960] [INFO] default - 请求url /list
[2020-05-07T14:13:27.781] [INFO] default - 请求url /list
[2020-05-07T14:15:40.197] [INFO] default - 请求url /list
[2020-05-07T14:15:43.318] [INFO] default - 请求url /list
