[2020-04-27T09:22:43.441] [INFO] default - 请求url /
[2020-04-27T09:22:44.033] [INFO] default - 请求url /favicon.ico
[2020-04-27T09:22:49.062] [INFO] default - 请求url /search
[2020-04-27T09:23:27.909] [INFO] default - 请求url /search
[2020-04-27T09:23:37.439] [INFO] default - 请求url /search
[2020-04-27T09:23:45.017] [INFO] default - 请求url /book
[2020-04-27T09:23:48.497] [INFO] default - 请求url /list
[2020-04-27T09:24:30.846] [INFO] default - 请求url /list
[2020-04-27T09:25:09.061] [INFO] default - 请求url /list
[2020-04-27T09:25:13.520] [INFO] default - 请求url /search
[2020-04-27T09:26:43.800] [INFO] default - 请求url /search
[2020-04-27T09:27:29.374] [INFO] default - 请求url /search
[2020-04-27T09:27:56.306] [INFO] default - 请求url /search
[2020-04-27T09:27:59.015] [INFO] default - 请求url /search
[2020-04-27T09:28:00.745] [INFO] default - 请求url /search
[2020-04-27T09:28:02.605] [INFO] default - 请求url /search
[2020-04-27T09:28:03.278] [INFO] default - 请求url /search
[2020-04-27T09:30:21.867] [INFO] default - 请求url /search
[2020-04-27T09:30:23.723] [INFO] default - 请求url /search
[2020-04-27T09:30:26.983] [INFO] default - 请求url /search
[2020-04-27T09:30:30.043] [INFO] default - 请求url /search
[2020-04-27T09:30:34.621] [INFO] default - 请求url /search
[2020-04-27T09:30:36.592] [INFO] default - 请求url /search
[2020-04-27T09:35:11.674] [INFO] default - 请求url /search
